#
# There is insufficient memory for the Java Runtime Environment to continue.
# Native memory allocation (mmap) failed to map 266338304 bytes for Failed to commit area from 0x0000000702600000 to 0x0000000712400000 of length 266338304.
# Possible reasons:
#   The system is out of physical RAM or swap space
#   The process is running with CompressedOops enabled, and the Java Heap may be blocking the growth of the native heap
# Possible solutions:
#   Reduce memory load on the system
#   Increase physical memory or swap space
#   Check if swap backing store is full
#   Decrease Java heap size (-Xmx/-Xms)
#   Decrease number of Java threads
#   Decrease Java thread stack sizes (-Xss)
#   Set larger code cache with -XX:ReservedCodeCacheSize=
# This output file may be truncated or incomplete.
#
#  Out of Memory Error (./src/hotspot/os/windows/os_windows.cpp:3301), pid=11808, tid=25536
#
# JRE version:  (11.0.10) (build )
# Java VM: OpenJDK 64-Bit Server VM (11.0.10+0-b96-7249189, mixed mode, sharing, tiered, compressed oops, g1 gc, windows-amd64)
# No core dump will be written. Minidumps are not enabled by default on client versions of Windows
#

---------------  S U M M A R Y ------------

Command Line: org.jetbrains.git4idea.http.GitAskPassApp Username for 'https://github.com': 

Host: Intel(R) Core(TM) i7-9750H CPU @ 2.60GHz, 12 cores, 15G,  Windows 10 , 64 bit Build 22000 (10.0.22000.318)
Time: Thu Dec  9 15:22:08 2021 W. Europe Standard Time elapsed time: 0.023413 seconds (0d 0h 0m 0s)

---------------  T H R E A D  ---------------

Current thread (0x0000019c20f15000):  JavaThread "Unknown thread" [_thread_in_vm, id=25536, stack(0x0000002eb4600000,0x0000002eb4700000)]

Stack: [0x0000002eb4600000,0x0000002eb4700000]
Native frames: (J=compiled Java code, j=interpreted, Vv=VM code, C=native code)
V  [jvm.dll+0x5ecfaa]
V  [jvm.dll+0x722bd5]
V  [jvm.dll+0x72412d]
V  [jvm.dll+0x7247e3]
V  [jvm.dll+0x242928]
V  [jvm.dll+0x5ea374]
V  [jvm.dll+0x5df425]
V  [jvm.dll+0x2fdebb]
V  [jvm.dll+0x2fde2a]
V  [jvm.dll+0x2fdd02]
V  [jvm.dll+0x302bf6]
V  [jvm.dll+0x34b2a3]
V  [jvm.dll+0x34b9a6]
V  [jvm.dll+0x34b3a3]
V  [jvm.dll+0x2d8888]
V  [jvm.dll+0x2d9a37]
V  [jvm.dll+0x701737]
V  [jvm.dll+0x702f2c]
V  [jvm.dll+0x3587d9]
V  [jvm.dll+0x6e4fae]
V  [jvm.dll+0x3c0be3]
V  [jvm.dll+0x3c2e91]
C  [jli.dll+0x5373]
C  [ucrtbase.dll+0x26c0c]
C  [KERNEL32.DLL+0x154e0]
C  [ntdll.dll+0x485b]


---------------  P R O C E S S  ---------------

Threads class SMR info:
_java_thread_list=0x0000019c1ec818a0, length=0, elements={
}

Java Threads: ( => current thread )

Other Threads:
  0x0000019c20f2b800 GCTaskThread "GC Thread#0" [stack: 0x0000002eb4700000,0x0000002eb4800000] [id=13752]
  0x0000019c20f89000 ConcurrentGCThread "G1 Main Marker" [stack: 0x0000002eb4800000,0x0000002eb4900000] [id=5224]
  0x0000019c20f8b800 ConcurrentGCThread "G1 Conc#0" [stack: 0x0000002eb4900000,0x0000002eb4a00000] [id=9884]

[error occurred during error reporting (printing all threads), id 0xc0000005, EXCEPTION_ACCESS_VIOLATION (0xc0000005) at pc=0x00007ffe750c9107]

VM state:not at safepoint (not fully initialized)

VM Mutex/Monitor currently owned by a thread:  ([mutex/lock_event])
[0x0000019c20f10bc0] Heap_lock - owner thread: 0x0000019c20f15000

Heap address: 0x0000000702600000, size: 4058 MB, Compressed Oops mode: Non-zero based: 0x0000000702600000
Narrow klass base: 0x0000000000000000, Narrow klass shift: 0

GC Heap History (0 events):
No events

Deoptimization events (0 events):
No events

Classes redefined (0 events):
No events

Internal exceptions (0 events):
No events

Events (1 events):
Event: 0.016 Loaded shared library C:\Program Files\Android\Android Studio\jre\bin\zip.dll


Dynamic libraries:
0x00007ff6deb40000 - 0x00007ff6deb4a000 	C:\Program Files\Android\Android Studio\jre\bin\java.exe
0x00007fff134e0000 - 0x00007fff136e7000 	C:\WINDOWS\SYSTEM32\ntdll.dll
0x00007fff12ff0000 - 0x00007fff130ad000 	C:\WINDOWS\System32\KERNEL32.DLL
0x00007fff10c80000 - 0x00007fff10ff4000 	C:\WINDOWS\System32\KERNELBASE.dll
0x00007fff0d740000 - 0x00007fff0d7d1000 	C:\WINDOWS\SYSTEM32\apphelp.dll
0x00007fff10b60000 - 0x00007fff10c71000 	C:\WINDOWS\System32\ucrtbase.dll
0x00007fff0c5f0000 - 0x00007fff0c609000 	C:\Program Files\Android\Android Studio\jre\bin\jli.dll
0x00007ffefa910000 - 0x00007ffefa927000 	C:\Program Files\Android\Android Studio\jre\bin\VCRUNTIME140.dll
0x00007fff120a0000 - 0x00007fff1224c000 	C:\WINDOWS\System32\USER32.dll
0x00007ffefc800000 - 0x00007ffefcaa5000 	C:\WINDOWS\WinSxS\amd64_microsoft.windows.common-controls_6595b64144ccf1df_6.0.22000.120_none_9d947278b86cc467\COMCTL32.dll
0x00007fff11340000 - 0x00007fff11366000 	C:\WINDOWS\System32\win32u.dll
0x00007fff11b90000 - 0x00007fff11c33000 	C:\WINDOWS\System32\msvcrt.dll
0x00007fff11aa0000 - 0x00007fff11ac9000 	C:\WINDOWS\System32\GDI32.dll
0x00007fff10a40000 - 0x00007fff10b52000 	C:\WINDOWS\System32\gdi32full.dll
0x00007fff11000000 - 0x00007fff1109d000 	C:\WINDOWS\System32\msvcp_win.dll
0x00007fff11a60000 - 0x00007fff11a91000 	C:\WINDOWS\System32\IMM32.DLL
0x00007ffed6100000 - 0x00007ffed619d000 	C:\Program Files\Android\Android Studio\jre\bin\msvcp140.dll
0x00007ffe74de0000 - 0x00007ffe758af000 	C:\Program Files\Android\Android Studio\jre\bin\server\jvm.dll
0x00007fff113e0000 - 0x00007fff1148c000 	C:\WINDOWS\System32\ADVAPI32.dll
0x00007fff12610000 - 0x00007fff126ad000 	C:\WINDOWS\System32\sechost.dll
0x00007fff131c0000 - 0x00007fff132e1000 	C:\WINDOWS\System32\RPCRT4.dll
0x00007fff11ad0000 - 0x00007fff11ad8000 	C:\WINDOWS\System32\PSAPI.DLL
0x00007fff0a2b0000 - 0x00007fff0a2e3000 	C:\WINDOWS\SYSTEM32\WINMM.dll
0x00007fff07fe0000 - 0x00007fff07fea000 	C:\WINDOWS\SYSTEM32\VERSION.dll
0x00007ffef65e0000 - 0x00007ffef65e9000 	C:\WINDOWS\SYSTEM32\WSOCK32.dll
0x00007fff11370000 - 0x00007fff113df000 	C:\WINDOWS\System32\WS2_32.dll
0x00007fff0fbd0000 - 0x00007fff0fbe8000 	C:\WINDOWS\SYSTEM32\kernel.appcore.dll
0x00007fff0c590000 - 0x00007fff0c5a1000 	C:\Program Files\Android\Android Studio\jre\bin\verify.dll
0x00007ffef8e40000 - 0x00007ffef9061000 	C:\WINDOWS\SYSTEM32\DBGHELP.DLL
0x00007ffef6550000 - 0x00007ffef6581000 	C:\WINDOWS\SYSTEM32\dbgcore.DLL
0x00007fff109c0000 - 0x00007fff10a40000 	C:\WINDOWS\System32\bcryptPrimitives.dll
0x00007fff0adf0000 - 0x00007fff0ae19000 	C:\Program Files\Android\Android Studio\jre\bin\java.dll
0x00007fff0c5c0000 - 0x00007fff0c5cb000 	C:\Program Files\Android\Android Studio\jre\bin\jimage.dll
0x00007fff07d80000 - 0x00007fff07d98000 	C:\Program Files\Android\Android Studio\jre\bin\zip.dll

dbghelp: loaded successfully - version: 4.0.5 - missing functions: none
symbol engine: initialized successfully - sym options: 0x614 - pdb path: .;C:\Program Files\Android\Android Studio\jre\bin;C:\WINDOWS\SYSTEM32;C:\WINDOWS\WinSxS\amd64_microsoft.windows.common-controls_6595b64144ccf1df_6.0.22000.120_none_9d947278b86cc467;C:\Program Files\Android\Android Studio\jre\bin\server

VM Arguments:
java_command: org.jetbrains.git4idea.http.GitAskPassApp Username for 'https://github.com': 
java_class_path (initial): C:/Program Files/Android/Android Studio/plugins/git4idea/lib/git4idea-rt.jar;C:/Program Files/Android/Android Studio/lib/xmlrpc-2.0.1.jar;C:/Program Files/Android/Android Studio/lib/commons-codec-1.14.jar
Launcher Type: SUN_STANDARD

[Global flags]
     intx CICompilerCount                          = 4                                         {product} {ergonomic}
     uint ConcGCThreads                            = 3                                         {product} {ergonomic}
     uint G1ConcRefinementThreads                  = 10                                        {product} {ergonomic}
   size_t G1HeapRegionSize                         = 1048576                                   {product} {ergonomic}
    uintx GCDrainStackTargetSize                   = 64                                        {product} {ergonomic}
   size_t InitialHeapSize                          = 266338304                                 {product} {ergonomic}
   size_t MarkStackSize                            = 4194304                                   {product} {ergonomic}
   size_t MaxHeapSize                              = 4255121408                                {product} {ergonomic}
   size_t MinHeapDeltaBytes                        = 1048576                                   {product} {ergonomic}
    uintx NonNMethodCodeHeapSize                   = 5836300                                {pd product} {ergonomic}
    uintx NonProfiledCodeHeapSize                  = 122910970                              {pd product} {ergonomic}
    uintx ProfiledCodeHeapSize                     = 122910970                              {pd product} {ergonomic}
    uintx ReservedCodeCacheSize                    = 251658240                              {pd product} {ergonomic}
     bool SegmentedCodeCache                       = true                                      {product} {ergonomic}
     bool UseCompressedClassPointers               = true                                 {lp64_product} {ergonomic}
     bool UseCompressedOops                        = true                                 {lp64_product} {ergonomic}
     bool UseG1GC                                  = true                                      {product} {ergonomic}
     bool UseLargePagesIndividualAllocation        = false                                  {pd product} {ergonomic}

Logging:
Log output configuration:
 #0: stdout all=warning uptime,level,tags
 #1: stderr all=off uptime,level,tags

Environment Variables:
JAVA_HOME=C:\Program Files\Java\jdk-14
PATH=C:\Program Files\Git\mingw64\libexec\git-core;C:\Program Files\Git\mingw64\libexec\git-core;C:\Program Files\Git\mingw64\bin;C:\Program Files\Git\usr\bin;C:\Users\Admin\bin;C:\Program Files (x86)\Razer Chroma SDK\bin;C:\Program Files\Razer Chroma SDK\bin;C:\Program Files (x86)\Razer\ChromaBroadcast\bin;C:\Program Files\Razer\ChromaBroadcast\bin;C:\Program Files (x86)\Common Files\Oracle\Java\javapath;C:\Program Files (x86)\Common Files\Intel\Shared Libraries\redist\intel64\compiler;C:\Program Files\Java\jdk-14\bin;C:\Windows\system32;C:\Windows;C:\Windows\System32\Wbem;C:\Windows\System32\WindowsPowerShell\v1.0;C:\Windows\System32\OpenSSH;C:\Program Files (x86)\NVIDIA Corporation\PhysX\Common;C:\Program Files\NVIDIA Corporation\NVIDIA NvDLISR;C:\Program Files\Intel\WiFi\bin;C:\Program Files\Common Files\Intel\WirelessCommon;C:\WINDOWS\system32;C:\WINDOWS;C:\WINDOWS\System32\Wbem;C:\WINDOWS\System32\WindowsPowerShell\v1.0;C:\WINDOWS\System32\OpenSSH;C:\Program Files\Git\cmd;C:\WINDOWS\system32\config\systemprofile\AppData\Local\Microsoft\WindowsApps;C:\WINDOWS\system32;C:\WINDOWS;C:\WINDOWS\System32\Wbem;C:\WINDOWS\System32\WindowsPowerShell\v1.0;C:\WINDOWS\System32\OpenSSH;C:\Program Files\Microsoft SQL Server\Client SDK\ODBC\170\Tools\Binn;C:\Program Files\MATLAB\R2021a\bin;C:\Program Files\nodejs;C:\Program Files\dotnet;C:\Python\Scripts;C:\Python;C:\Python\Python38\Scripts;C:\Python\Python38;C:\Program Files (x86)\Common Files\Oracle\Java\javapath;C:\Program Files (x86)\Common Files\Intel\Shared Libraries\redist\intel64\compiler;C:\Program Files\Java\jdk-14\bin;C:\Windows\system32;C:\Windows;C:\Windows\System32\Wbem;C:\Windows\System32\WindowsPowerShell\v1.0;C:\Windows\System32\OpenSSH;C:\Program Files (x86)\NVIDIA Corporation\PhysX\Common;C:\Program Files\NVIDIA Corporation\NVIDIA NvDLISR;C:\Program Files\Intel\WiFi\bin;C:\Program Files\Common Files\Intel\WirelessCommon;C:\WINDOWS\system32;C:\WINDOWS;C:\WINDOWS\System32\Wbem;C:\WINDOWS\System32\WindowsPowerShe
USERNAME=Admin
DISPLAY=:0.0
LC_ALL=en_US.UTF-8
OS=Windows_NT
PROCESSOR_IDENTIFIER=Intel64 Family 6 Model 158 Stepping 10, GenuineIntel



---------------  S Y S T E M  ---------------

OS: Windows 10 , 64 bit Build 22000 (10.0.22000.318)
OS uptime: 0 days 3:29 hours

CPU:total 12 (initial active 12) (6 cores per cpu, 2 threads per core) family 6 model 158 stepping 10 microcode 0xde, cmov, cx8, fxsr, mmx, sse, sse2, sse3, ssse3, sse4.1, sse4.2, popcnt, avx, avx2, aes, clmul, erms, 3dnowpref, lzcnt, ht, tsc, tscinvbit, bmi1, bmi2, adx, fma

Memory: 4k page, system-wide physical 16229M (1967M free)
TotalPageFile size 21337M (AvailPageFile size 166M)
current process WorkingSet (physical memory assigned to process): 11M, peak: 11M
current process commit charge ("private bytes"): 64M, peak: 318M

vm_info: OpenJDK 64-Bit Server VM (11.0.10+0-b96-7249189) for windows-amd64 JRE (11.0.10+0-b96-7249189), built on Mar 31 2021 21:44:00 by "builder" with MS VC++ 14.0 (VS2015)

END.
